C:\Users\Zaven\My Dropbox\School\2010 Fall\605-467 Computer Graphics\LabStudent5\PhongShading\Debug\cl.command.1.tlog
C:\Users\Zaven\My Dropbox\School\2010 Fall\605-467 Computer Graphics\LabStudent5\PhongShading\Debug\CL.read.1.tlog
C:\Users\Zaven\My Dropbox\School\2010 Fall\605-467 Computer Graphics\LabStudent5\PhongShading\Debug\CL.write.1.tlog
C:\Users\Zaven\My Dropbox\School\2010 Fall\605-467 Computer Graphics\LabStudent5\PhongShading\Debug\link.2140.read.1.tlog
C:\Users\Zaven\My Dropbox\School\2010 Fall\605-467 Computer Graphics\LabStudent5\PhongShading\Debug\link.2140.write.1.tlog
C:\Users\Zaven\My Dropbox\School\2010 Fall\605-467 Computer Graphics\LabStudent5\PhongShading\Debug\link.2140-cvtres.read.1.tlog
C:\Users\Zaven\My Dropbox\School\2010 Fall\605-467 Computer Graphics\LabStudent5\PhongShading\Debug\link.2140-cvtres.write.1.tlog
C:\Users\Zaven\My Dropbox\School\2010 Fall\605-467 Computer Graphics\LabStudent5\PhongShading\Debug\link.command.1.tlog
C:\Users\Zaven\My Dropbox\School\2010 Fall\605-467 Computer Graphics\LabStudent5\PhongShading\Debug\link.read.1.tlog
C:\Users\Zaven\My Dropbox\School\2010 Fall\605-467 Computer Graphics\LabStudent5\PhongShading\Debug\link.write.1.tlog
C:\Users\Zaven\My Dropbox\School\2010 Fall\605-467 Computer Graphics\LabStudent5\PhongShading\Debug\link-cvtres.read.1.tlog
C:\Users\Zaven\My Dropbox\School\2010 Fall\605-467 Computer Graphics\LabStudent5\PhongShading\Debug\link-cvtres.write.1.tlog
C:\Users\Zaven\My Dropbox\School\2010 Fall\605-467 Computer Graphics\LabStudent5\PhongShading\Debug\mt.command.1.tlog
C:\Users\Zaven\My Dropbox\School\2010 Fall\605-467 Computer Graphics\LabStudent5\PhongShading\Debug\mt.read.1.tlog
C:\Users\Zaven\My Dropbox\School\2010 Fall\605-467 Computer Graphics\LabStudent5\PhongShading\Debug\mt.write.1.tlog
C:\USERS\ZAVEN\MY DROPBOX\SCHOOL\2010 FALL\605-467 COMPUTER GRAPHICS\LABSTUDENT5\PHONGSHADING\DEBUG\PHONGSHADING.EXE
C:\USERS\ZAVEN\MY DROPBOX\SCHOOL\2010 FALL\605-467 COMPUTER GRAPHICS\LABSTUDENT5\PHONGSHADING\DEBUG\PHONGSHADING.EXE.EMBED.MANIFEST
C:\USERS\ZAVEN\MY DROPBOX\SCHOOL\2010 FALL\605-467 COMPUTER GRAPHICS\LABSTUDENT5\PHONGSHADING\DEBUG\PHONGSHADING.EXE.EMBED.MANIFEST.RES
C:\USERS\ZAVEN\MY DROPBOX\SCHOOL\2010 FALL\605-467 COMPUTER GRAPHICS\LABSTUDENT5\PHONGSHADING\DEBUG\PHONGSHADING.EXE.INTERMEDIATE.MANIFEST
C:\USERS\ZAVEN\MY DROPBOX\SCHOOL\2010 FALL\605-467 COMPUTER GRAPHICS\LABSTUDENT5\PHONGSHADING\DEBUG\PHONGSHADING.ILK
C:\USERS\ZAVEN\MY DROPBOX\SCHOOL\2010 FALL\605-467 COMPUTER GRAPHICS\LABSTUDENT5\PHONGSHADING\DEBUG\PHONGSHADING.OBJ
C:\Users\Zaven\My Dropbox\School\2010 Fall\605-467 Computer Graphics\LabStudent5\PhongShading\Debug\PhongShading_manifest.rc
C:\Users\Zaven\My Dropbox\School\2010 Fall\605-467 Computer Graphics\LabStudent5\PhongShading\Debug\rc.command.1.tlog
C:\Users\Zaven\My Dropbox\School\2010 Fall\605-467 Computer Graphics\LabStudent5\PhongShading\Debug\rc.read.1.tlog
C:\Users\Zaven\My Dropbox\School\2010 Fall\605-467 Computer Graphics\LabStudent5\PhongShading\Debug\rc.write.1.tlog
C:\USERS\ZAVEN\MY DROPBOX\SCHOOL\2010 FALL\605-467 COMPUTER GRAPHICS\LABSTUDENT5\PHONGSHADING\DEBUG\TRANSFORMSVIEWING.PDB
C:\Users\Zaven\My Dropbox\School\2010 Fall\605-467 Computer Graphics\LabStudent5\PhongShading\Debug\vc100.idb
C:\USERS\ZAVEN\MY DROPBOX\SCHOOL\2010 FALL\605-467 COMPUTER GRAPHICS\LABSTUDENT5\PHONGSHADING\DEBUG\VC100.PDB
Debug\PhongShading.ilk
