C:\Users\Zaven\My Dropbox\School\2010 Fall\605-467 Computer Graphics\LabStudent5\LightingViewing\Debug\cl.command.1.tlog
C:\Users\Zaven\My Dropbox\School\2010 Fall\605-467 Computer Graphics\LabStudent5\LightingViewing\Debug\CL.read.1.tlog
C:\Users\Zaven\My Dropbox\School\2010 Fall\605-467 Computer Graphics\LabStudent5\LightingViewing\Debug\CL.write.1.tlog
C:\USERS\ZAVEN\MY DROPBOX\SCHOOL\2010 FALL\605-467 COMPUTER GRAPHICS\LABSTUDENT5\LIGHTINGVIEWING\DEBUG\LIGHTINGVIEWING.EXE
C:\USERS\ZAVEN\MY DROPBOX\SCHOOL\2010 FALL\605-467 COMPUTER GRAPHICS\LABSTUDENT5\LIGHTINGVIEWING\DEBUG\LIGHTINGVIEWING.EXE.EMBED.MANIFEST
C:\USERS\ZAVEN\MY DROPBOX\SCHOOL\2010 FALL\605-467 COMPUTER GRAPHICS\LABSTUDENT5\LIGHTINGVIEWING\DEBUG\LIGHTINGVIEWING.EXE.EMBED.MANIFEST.RES
C:\USERS\ZAVEN\MY DROPBOX\SCHOOL\2010 FALL\605-467 COMPUTER GRAPHICS\LABSTUDENT5\LIGHTINGVIEWING\DEBUG\LIGHTINGVIEWING.EXE.INTERMEDIATE.MANIFEST
C:\USERS\ZAVEN\MY DROPBOX\SCHOOL\2010 FALL\605-467 COMPUTER GRAPHICS\LABSTUDENT5\LIGHTINGVIEWING\DEBUG\LIGHTINGVIEWING.ILK
C:\USERS\ZAVEN\MY DROPBOX\SCHOOL\2010 FALL\605-467 COMPUTER GRAPHICS\LABSTUDENT5\LIGHTINGVIEWING\DEBUG\LIGHTINGVIEWING.OBJ
C:\Users\Zaven\My Dropbox\School\2010 Fall\605-467 Computer Graphics\LabStudent5\LightingViewing\Debug\LightingViewing_manifest.rc
C:\Users\Zaven\My Dropbox\School\2010 Fall\605-467 Computer Graphics\LabStudent5\LightingViewing\Debug\link.2076.read.1.tlog
C:\Users\Zaven\My Dropbox\School\2010 Fall\605-467 Computer Graphics\LabStudent5\LightingViewing\Debug\link.2076.write.1.tlog
C:\Users\Zaven\My Dropbox\School\2010 Fall\605-467 Computer Graphics\LabStudent5\LightingViewing\Debug\link.2076-cvtres.read.1.tlog
C:\Users\Zaven\My Dropbox\School\2010 Fall\605-467 Computer Graphics\LabStudent5\LightingViewing\Debug\link.2076-cvtres.write.1.tlog
C:\Users\Zaven\My Dropbox\School\2010 Fall\605-467 Computer Graphics\LabStudent5\LightingViewing\Debug\link.2248.read.1.tlog
C:\Users\Zaven\My Dropbox\School\2010 Fall\605-467 Computer Graphics\LabStudent5\LightingViewing\Debug\link.2248.write.1.tlog
C:\Users\Zaven\My Dropbox\School\2010 Fall\605-467 Computer Graphics\LabStudent5\LightingViewing\Debug\link.2248-cvtres.read.1.tlog
C:\Users\Zaven\My Dropbox\School\2010 Fall\605-467 Computer Graphics\LabStudent5\LightingViewing\Debug\link.2248-cvtres.write.1.tlog
C:\Users\Zaven\My Dropbox\School\2010 Fall\605-467 Computer Graphics\LabStudent5\LightingViewing\Debug\link.2352.read.1.tlog
C:\Users\Zaven\My Dropbox\School\2010 Fall\605-467 Computer Graphics\LabStudent5\LightingViewing\Debug\link.2352.write.1.tlog
C:\Users\Zaven\My Dropbox\School\2010 Fall\605-467 Computer Graphics\LabStudent5\LightingViewing\Debug\link.2352-cvtres.read.1.tlog
C:\Users\Zaven\My Dropbox\School\2010 Fall\605-467 Computer Graphics\LabStudent5\LightingViewing\Debug\link.2352-cvtres.write.1.tlog
C:\Users\Zaven\My Dropbox\School\2010 Fall\605-467 Computer Graphics\LabStudent5\LightingViewing\Debug\link.2648.read.1.tlog
C:\Users\Zaven\My Dropbox\School\2010 Fall\605-467 Computer Graphics\LabStudent5\LightingViewing\Debug\link.2648.write.1.tlog
C:\Users\Zaven\My Dropbox\School\2010 Fall\605-467 Computer Graphics\LabStudent5\LightingViewing\Debug\link.2648-cvtres.read.1.tlog
C:\Users\Zaven\My Dropbox\School\2010 Fall\605-467 Computer Graphics\LabStudent5\LightingViewing\Debug\link.2648-cvtres.write.1.tlog
C:\Users\Zaven\My Dropbox\School\2010 Fall\605-467 Computer Graphics\LabStudent5\LightingViewing\Debug\link.2664.read.1.tlog
C:\Users\Zaven\My Dropbox\School\2010 Fall\605-467 Computer Graphics\LabStudent5\LightingViewing\Debug\link.2664.write.1.tlog
C:\Users\Zaven\My Dropbox\School\2010 Fall\605-467 Computer Graphics\LabStudent5\LightingViewing\Debug\link.2664-cvtres.read.1.tlog
C:\Users\Zaven\My Dropbox\School\2010 Fall\605-467 Computer Graphics\LabStudent5\LightingViewing\Debug\link.2664-cvtres.write.1.tlog
C:\Users\Zaven\My Dropbox\School\2010 Fall\605-467 Computer Graphics\LabStudent5\LightingViewing\Debug\link.2748.read.1.tlog
C:\Users\Zaven\My Dropbox\School\2010 Fall\605-467 Computer Graphics\LabStudent5\LightingViewing\Debug\link.2748.write.1.tlog
C:\Users\Zaven\My Dropbox\School\2010 Fall\605-467 Computer Graphics\LabStudent5\LightingViewing\Debug\link.2748-cvtres.read.1.tlog
C:\Users\Zaven\My Dropbox\School\2010 Fall\605-467 Computer Graphics\LabStudent5\LightingViewing\Debug\link.2748-cvtres.write.1.tlog
C:\Users\Zaven\My Dropbox\School\2010 Fall\605-467 Computer Graphics\LabStudent5\LightingViewing\Debug\link.3168.read.1.tlog
C:\Users\Zaven\My Dropbox\School\2010 Fall\605-467 Computer Graphics\LabStudent5\LightingViewing\Debug\link.3168.write.1.tlog
C:\Users\Zaven\My Dropbox\School\2010 Fall\605-467 Computer Graphics\LabStudent5\LightingViewing\Debug\link.3168-cvtres.read.1.tlog
C:\Users\Zaven\My Dropbox\School\2010 Fall\605-467 Computer Graphics\LabStudent5\LightingViewing\Debug\link.3168-cvtres.write.1.tlog
C:\Users\Zaven\My Dropbox\School\2010 Fall\605-467 Computer Graphics\LabStudent5\LightingViewing\Debug\link.3304.read.1.tlog
C:\Users\Zaven\My Dropbox\School\2010 Fall\605-467 Computer Graphics\LabStudent5\LightingViewing\Debug\link.3304.write.1.tlog
C:\Users\Zaven\My Dropbox\School\2010 Fall\605-467 Computer Graphics\LabStudent5\LightingViewing\Debug\link.3304-cvtres.read.1.tlog
C:\Users\Zaven\My Dropbox\School\2010 Fall\605-467 Computer Graphics\LabStudent5\LightingViewing\Debug\link.3304-cvtres.write.1.tlog
C:\Users\Zaven\My Dropbox\School\2010 Fall\605-467 Computer Graphics\LabStudent5\LightingViewing\Debug\link.3376.read.1.tlog
C:\Users\Zaven\My Dropbox\School\2010 Fall\605-467 Computer Graphics\LabStudent5\LightingViewing\Debug\link.3376.write.1.tlog
C:\Users\Zaven\My Dropbox\School\2010 Fall\605-467 Computer Graphics\LabStudent5\LightingViewing\Debug\link.3376-cvtres.read.1.tlog
C:\Users\Zaven\My Dropbox\School\2010 Fall\605-467 Computer Graphics\LabStudent5\LightingViewing\Debug\link.3376-cvtres.write.1.tlog
C:\Users\Zaven\My Dropbox\School\2010 Fall\605-467 Computer Graphics\LabStudent5\LightingViewing\Debug\link.348.read.1.tlog
C:\Users\Zaven\My Dropbox\School\2010 Fall\605-467 Computer Graphics\LabStudent5\LightingViewing\Debug\link.348.write.1.tlog
C:\Users\Zaven\My Dropbox\School\2010 Fall\605-467 Computer Graphics\LabStudent5\LightingViewing\Debug\link.348-cvtres.read.1.tlog
C:\Users\Zaven\My Dropbox\School\2010 Fall\605-467 Computer Graphics\LabStudent5\LightingViewing\Debug\link.348-cvtres.write.1.tlog
C:\Users\Zaven\My Dropbox\School\2010 Fall\605-467 Computer Graphics\LabStudent5\LightingViewing\Debug\link.3656.read.1.tlog
C:\Users\Zaven\My Dropbox\School\2010 Fall\605-467 Computer Graphics\LabStudent5\LightingViewing\Debug\link.3656.write.1.tlog
C:\Users\Zaven\My Dropbox\School\2010 Fall\605-467 Computer Graphics\LabStudent5\LightingViewing\Debug\link.3656-cvtres.read.1.tlog
C:\Users\Zaven\My Dropbox\School\2010 Fall\605-467 Computer Graphics\LabStudent5\LightingViewing\Debug\link.3656-cvtres.write.1.tlog
C:\Users\Zaven\My Dropbox\School\2010 Fall\605-467 Computer Graphics\LabStudent5\LightingViewing\Debug\link.3796.read.1.tlog
C:\Users\Zaven\My Dropbox\School\2010 Fall\605-467 Computer Graphics\LabStudent5\LightingViewing\Debug\link.3796.write.1.tlog
C:\Users\Zaven\My Dropbox\School\2010 Fall\605-467 Computer Graphics\LabStudent5\LightingViewing\Debug\link.3796-cvtres.read.1.tlog
C:\Users\Zaven\My Dropbox\School\2010 Fall\605-467 Computer Graphics\LabStudent5\LightingViewing\Debug\link.3796-cvtres.write.1.tlog
C:\Users\Zaven\My Dropbox\School\2010 Fall\605-467 Computer Graphics\LabStudent5\LightingViewing\Debug\link.4044.read.1.tlog
C:\Users\Zaven\My Dropbox\School\2010 Fall\605-467 Computer Graphics\LabStudent5\LightingViewing\Debug\link.4044.write.1.tlog
C:\Users\Zaven\My Dropbox\School\2010 Fall\605-467 Computer Graphics\LabStudent5\LightingViewing\Debug\link.4044-cvtres.read.1.tlog
C:\Users\Zaven\My Dropbox\School\2010 Fall\605-467 Computer Graphics\LabStudent5\LightingViewing\Debug\link.4044-cvtres.write.1.tlog
C:\Users\Zaven\My Dropbox\School\2010 Fall\605-467 Computer Graphics\LabStudent5\LightingViewing\Debug\link.4132.read.1.tlog
C:\Users\Zaven\My Dropbox\School\2010 Fall\605-467 Computer Graphics\LabStudent5\LightingViewing\Debug\link.4132.write.1.tlog
C:\Users\Zaven\My Dropbox\School\2010 Fall\605-467 Computer Graphics\LabStudent5\LightingViewing\Debug\link.4132-cvtres.read.1.tlog
C:\Users\Zaven\My Dropbox\School\2010 Fall\605-467 Computer Graphics\LabStudent5\LightingViewing\Debug\link.4132-cvtres.write.1.tlog
C:\Users\Zaven\My Dropbox\School\2010 Fall\605-467 Computer Graphics\LabStudent5\LightingViewing\Debug\link.4320.read.1.tlog
C:\Users\Zaven\My Dropbox\School\2010 Fall\605-467 Computer Graphics\LabStudent5\LightingViewing\Debug\link.4320.write.1.tlog
C:\Users\Zaven\My Dropbox\School\2010 Fall\605-467 Computer Graphics\LabStudent5\LightingViewing\Debug\link.4320-cvtres.read.1.tlog
C:\Users\Zaven\My Dropbox\School\2010 Fall\605-467 Computer Graphics\LabStudent5\LightingViewing\Debug\link.4320-cvtres.write.1.tlog
C:\Users\Zaven\My Dropbox\School\2010 Fall\605-467 Computer Graphics\LabStudent5\LightingViewing\Debug\link.4332.read.1.tlog
C:\Users\Zaven\My Dropbox\School\2010 Fall\605-467 Computer Graphics\LabStudent5\LightingViewing\Debug\link.4332.write.1.tlog
C:\Users\Zaven\My Dropbox\School\2010 Fall\605-467 Computer Graphics\LabStudent5\LightingViewing\Debug\link.4332-cvtres.read.1.tlog
C:\Users\Zaven\My Dropbox\School\2010 Fall\605-467 Computer Graphics\LabStudent5\LightingViewing\Debug\link.4332-cvtres.write.1.tlog
C:\Users\Zaven\My Dropbox\School\2010 Fall\605-467 Computer Graphics\LabStudent5\LightingViewing\Debug\link.4360.read.1.tlog
C:\Users\Zaven\My Dropbox\School\2010 Fall\605-467 Computer Graphics\LabStudent5\LightingViewing\Debug\link.4360.write.1.tlog
C:\Users\Zaven\My Dropbox\School\2010 Fall\605-467 Computer Graphics\LabStudent5\LightingViewing\Debug\link.4360-cvtres.read.1.tlog
C:\Users\Zaven\My Dropbox\School\2010 Fall\605-467 Computer Graphics\LabStudent5\LightingViewing\Debug\link.4360-cvtres.write.1.tlog
C:\Users\Zaven\My Dropbox\School\2010 Fall\605-467 Computer Graphics\LabStudent5\LightingViewing\Debug\link.4468.read.1.tlog
C:\Users\Zaven\My Dropbox\School\2010 Fall\605-467 Computer Graphics\LabStudent5\LightingViewing\Debug\link.4468.write.1.tlog
C:\Users\Zaven\My Dropbox\School\2010 Fall\605-467 Computer Graphics\LabStudent5\LightingViewing\Debug\link.4468-cvtres.read.1.tlog
C:\Users\Zaven\My Dropbox\School\2010 Fall\605-467 Computer Graphics\LabStudent5\LightingViewing\Debug\link.4468-cvtres.write.1.tlog
C:\Users\Zaven\My Dropbox\School\2010 Fall\605-467 Computer Graphics\LabStudent5\LightingViewing\Debug\link.4472.read.1.tlog
C:\Users\Zaven\My Dropbox\School\2010 Fall\605-467 Computer Graphics\LabStudent5\LightingViewing\Debug\link.4472.write.1.tlog
C:\Users\Zaven\My Dropbox\School\2010 Fall\605-467 Computer Graphics\LabStudent5\LightingViewing\Debug\link.4472-cvtres.read.1.tlog
C:\Users\Zaven\My Dropbox\School\2010 Fall\605-467 Computer Graphics\LabStudent5\LightingViewing\Debug\link.4472-cvtres.write.1.tlog
C:\Users\Zaven\My Dropbox\School\2010 Fall\605-467 Computer Graphics\LabStudent5\LightingViewing\Debug\link.4704.read.1.tlog
C:\Users\Zaven\My Dropbox\School\2010 Fall\605-467 Computer Graphics\LabStudent5\LightingViewing\Debug\link.4704.write.1.tlog
C:\Users\Zaven\My Dropbox\School\2010 Fall\605-467 Computer Graphics\LabStudent5\LightingViewing\Debug\link.4704-cvtres.read.1.tlog
C:\Users\Zaven\My Dropbox\School\2010 Fall\605-467 Computer Graphics\LabStudent5\LightingViewing\Debug\link.4704-cvtres.write.1.tlog
C:\Users\Zaven\My Dropbox\School\2010 Fall\605-467 Computer Graphics\LabStudent5\LightingViewing\Debug\link.4740.read.1.tlog
C:\Users\Zaven\My Dropbox\School\2010 Fall\605-467 Computer Graphics\LabStudent5\LightingViewing\Debug\link.4740.write.1.tlog
C:\Users\Zaven\My Dropbox\School\2010 Fall\605-467 Computer Graphics\LabStudent5\LightingViewing\Debug\link.4740-cvtres.read.1.tlog
C:\Users\Zaven\My Dropbox\School\2010 Fall\605-467 Computer Graphics\LabStudent5\LightingViewing\Debug\link.4740-cvtres.write.1.tlog
C:\Users\Zaven\My Dropbox\School\2010 Fall\605-467 Computer Graphics\LabStudent5\LightingViewing\Debug\link.4792.read.1.tlog
C:\Users\Zaven\My Dropbox\School\2010 Fall\605-467 Computer Graphics\LabStudent5\LightingViewing\Debug\link.4792.write.1.tlog
C:\Users\Zaven\My Dropbox\School\2010 Fall\605-467 Computer Graphics\LabStudent5\LightingViewing\Debug\link.4792-cvtres.read.1.tlog
C:\Users\Zaven\My Dropbox\School\2010 Fall\605-467 Computer Graphics\LabStudent5\LightingViewing\Debug\link.4792-cvtres.write.1.tlog
C:\Users\Zaven\My Dropbox\School\2010 Fall\605-467 Computer Graphics\LabStudent5\LightingViewing\Debug\link.4920.read.1.tlog
C:\Users\Zaven\My Dropbox\School\2010 Fall\605-467 Computer Graphics\LabStudent5\LightingViewing\Debug\link.4920.write.1.tlog
C:\Users\Zaven\My Dropbox\School\2010 Fall\605-467 Computer Graphics\LabStudent5\LightingViewing\Debug\link.4920-cvtres.read.1.tlog
C:\Users\Zaven\My Dropbox\School\2010 Fall\605-467 Computer Graphics\LabStudent5\LightingViewing\Debug\link.4920-cvtres.write.1.tlog
C:\Users\Zaven\My Dropbox\School\2010 Fall\605-467 Computer Graphics\LabStudent5\LightingViewing\Debug\link.4956.read.1.tlog
C:\Users\Zaven\My Dropbox\School\2010 Fall\605-467 Computer Graphics\LabStudent5\LightingViewing\Debug\link.4956.write.1.tlog
C:\Users\Zaven\My Dropbox\School\2010 Fall\605-467 Computer Graphics\LabStudent5\LightingViewing\Debug\link.4956-cvtres.read.1.tlog
C:\Users\Zaven\My Dropbox\School\2010 Fall\605-467 Computer Graphics\LabStudent5\LightingViewing\Debug\link.4956-cvtres.write.1.tlog
C:\Users\Zaven\My Dropbox\School\2010 Fall\605-467 Computer Graphics\LabStudent5\LightingViewing\Debug\link.5064.read.1.tlog
C:\Users\Zaven\My Dropbox\School\2010 Fall\605-467 Computer Graphics\LabStudent5\LightingViewing\Debug\link.5064.write.1.tlog
C:\Users\Zaven\My Dropbox\School\2010 Fall\605-467 Computer Graphics\LabStudent5\LightingViewing\Debug\link.5064-cvtres.read.1.tlog
C:\Users\Zaven\My Dropbox\School\2010 Fall\605-467 Computer Graphics\LabStudent5\LightingViewing\Debug\link.5064-cvtres.write.1.tlog
C:\Users\Zaven\My Dropbox\School\2010 Fall\605-467 Computer Graphics\LabStudent5\LightingViewing\Debug\link.5128.read.1.tlog
C:\Users\Zaven\My Dropbox\School\2010 Fall\605-467 Computer Graphics\LabStudent5\LightingViewing\Debug\link.5128.write.1.tlog
C:\Users\Zaven\My Dropbox\School\2010 Fall\605-467 Computer Graphics\LabStudent5\LightingViewing\Debug\link.5128-cvtres.read.1.tlog
C:\Users\Zaven\My Dropbox\School\2010 Fall\605-467 Computer Graphics\LabStudent5\LightingViewing\Debug\link.5128-cvtres.write.1.tlog
C:\Users\Zaven\My Dropbox\School\2010 Fall\605-467 Computer Graphics\LabStudent5\LightingViewing\Debug\link.5156.read.1.tlog
C:\Users\Zaven\My Dropbox\School\2010 Fall\605-467 Computer Graphics\LabStudent5\LightingViewing\Debug\link.5156.write.1.tlog
C:\Users\Zaven\My Dropbox\School\2010 Fall\605-467 Computer Graphics\LabStudent5\LightingViewing\Debug\link.5156-cvtres.read.1.tlog
C:\Users\Zaven\My Dropbox\School\2010 Fall\605-467 Computer Graphics\LabStudent5\LightingViewing\Debug\link.5156-cvtres.write.1.tlog
C:\Users\Zaven\My Dropbox\School\2010 Fall\605-467 Computer Graphics\LabStudent5\LightingViewing\Debug\link.5212.read.1.tlog
C:\Users\Zaven\My Dropbox\School\2010 Fall\605-467 Computer Graphics\LabStudent5\LightingViewing\Debug\link.5212.write.1.tlog
C:\Users\Zaven\My Dropbox\School\2010 Fall\605-467 Computer Graphics\LabStudent5\LightingViewing\Debug\link.5212-cvtres.read.1.tlog
C:\Users\Zaven\My Dropbox\School\2010 Fall\605-467 Computer Graphics\LabStudent5\LightingViewing\Debug\link.5212-cvtres.write.1.tlog
C:\Users\Zaven\My Dropbox\School\2010 Fall\605-467 Computer Graphics\LabStudent5\LightingViewing\Debug\link.5228.read.1.tlog
C:\Users\Zaven\My Dropbox\School\2010 Fall\605-467 Computer Graphics\LabStudent5\LightingViewing\Debug\link.5228.write.1.tlog
C:\Users\Zaven\My Dropbox\School\2010 Fall\605-467 Computer Graphics\LabStudent5\LightingViewing\Debug\link.5228-cvtres.read.1.tlog
C:\Users\Zaven\My Dropbox\School\2010 Fall\605-467 Computer Graphics\LabStudent5\LightingViewing\Debug\link.5228-cvtres.write.1.tlog
C:\Users\Zaven\My Dropbox\School\2010 Fall\605-467 Computer Graphics\LabStudent5\LightingViewing\Debug\link.5336.read.1.tlog
C:\Users\Zaven\My Dropbox\School\2010 Fall\605-467 Computer Graphics\LabStudent5\LightingViewing\Debug\link.5336.write.1.tlog
C:\Users\Zaven\My Dropbox\School\2010 Fall\605-467 Computer Graphics\LabStudent5\LightingViewing\Debug\link.5336-cvtres.read.1.tlog
C:\Users\Zaven\My Dropbox\School\2010 Fall\605-467 Computer Graphics\LabStudent5\LightingViewing\Debug\link.5336-cvtres.write.1.tlog
C:\Users\Zaven\My Dropbox\School\2010 Fall\605-467 Computer Graphics\LabStudent5\LightingViewing\Debug\link.5360.read.1.tlog
C:\Users\Zaven\My Dropbox\School\2010 Fall\605-467 Computer Graphics\LabStudent5\LightingViewing\Debug\link.5360.write.1.tlog
C:\Users\Zaven\My Dropbox\School\2010 Fall\605-467 Computer Graphics\LabStudent5\LightingViewing\Debug\link.5360-cvtres.read.1.tlog
C:\Users\Zaven\My Dropbox\School\2010 Fall\605-467 Computer Graphics\LabStudent5\LightingViewing\Debug\link.5360-cvtres.write.1.tlog
C:\Users\Zaven\My Dropbox\School\2010 Fall\605-467 Computer Graphics\LabStudent5\LightingViewing\Debug\link.5372.read.1.tlog
C:\Users\Zaven\My Dropbox\School\2010 Fall\605-467 Computer Graphics\LabStudent5\LightingViewing\Debug\link.5372.write.1.tlog
C:\Users\Zaven\My Dropbox\School\2010 Fall\605-467 Computer Graphics\LabStudent5\LightingViewing\Debug\link.5372-cvtres.read.1.tlog
C:\Users\Zaven\My Dropbox\School\2010 Fall\605-467 Computer Graphics\LabStudent5\LightingViewing\Debug\link.5372-cvtres.write.1.tlog
C:\Users\Zaven\My Dropbox\School\2010 Fall\605-467 Computer Graphics\LabStudent5\LightingViewing\Debug\link.5396.read.1.tlog
C:\Users\Zaven\My Dropbox\School\2010 Fall\605-467 Computer Graphics\LabStudent5\LightingViewing\Debug\link.5396.write.1.tlog
C:\Users\Zaven\My Dropbox\School\2010 Fall\605-467 Computer Graphics\LabStudent5\LightingViewing\Debug\link.5396-cvtres.read.1.tlog
C:\Users\Zaven\My Dropbox\School\2010 Fall\605-467 Computer Graphics\LabStudent5\LightingViewing\Debug\link.5396-cvtres.write.1.tlog
C:\Users\Zaven\My Dropbox\School\2010 Fall\605-467 Computer Graphics\LabStudent5\LightingViewing\Debug\link.5416.read.1.tlog
C:\Users\Zaven\My Dropbox\School\2010 Fall\605-467 Computer Graphics\LabStudent5\LightingViewing\Debug\link.5416.write.1.tlog
C:\Users\Zaven\My Dropbox\School\2010 Fall\605-467 Computer Graphics\LabStudent5\LightingViewing\Debug\link.5416-cvtres.read.1.tlog
C:\Users\Zaven\My Dropbox\School\2010 Fall\605-467 Computer Graphics\LabStudent5\LightingViewing\Debug\link.5416-cvtres.write.1.tlog
C:\Users\Zaven\My Dropbox\School\2010 Fall\605-467 Computer Graphics\LabStudent5\LightingViewing\Debug\link.5448.read.1.tlog
C:\Users\Zaven\My Dropbox\School\2010 Fall\605-467 Computer Graphics\LabStudent5\LightingViewing\Debug\link.5448.write.1.tlog
C:\Users\Zaven\My Dropbox\School\2010 Fall\605-467 Computer Graphics\LabStudent5\LightingViewing\Debug\link.5448-cvtres.read.1.tlog
C:\Users\Zaven\My Dropbox\School\2010 Fall\605-467 Computer Graphics\LabStudent5\LightingViewing\Debug\link.5448-cvtres.write.1.tlog
C:\Users\Zaven\My Dropbox\School\2010 Fall\605-467 Computer Graphics\LabStudent5\LightingViewing\Debug\link.5452.read.1.tlog
C:\Users\Zaven\My Dropbox\School\2010 Fall\605-467 Computer Graphics\LabStudent5\LightingViewing\Debug\link.5452.write.1.tlog
C:\Users\Zaven\My Dropbox\School\2010 Fall\605-467 Computer Graphics\LabStudent5\LightingViewing\Debug\link.5452-cvtres.read.1.tlog
C:\Users\Zaven\My Dropbox\School\2010 Fall\605-467 Computer Graphics\LabStudent5\LightingViewing\Debug\link.5452-cvtres.write.1.tlog
C:\Users\Zaven\My Dropbox\School\2010 Fall\605-467 Computer Graphics\LabStudent5\LightingViewing\Debug\link.5536.read.1.tlog
C:\Users\Zaven\My Dropbox\School\2010 Fall\605-467 Computer Graphics\LabStudent5\LightingViewing\Debug\link.5536.write.1.tlog
C:\Users\Zaven\My Dropbox\School\2010 Fall\605-467 Computer Graphics\LabStudent5\LightingViewing\Debug\link.5536-cvtres.read.1.tlog
C:\Users\Zaven\My Dropbox\School\2010 Fall\605-467 Computer Graphics\LabStudent5\LightingViewing\Debug\link.5536-cvtres.write.1.tlog
C:\Users\Zaven\My Dropbox\School\2010 Fall\605-467 Computer Graphics\LabStudent5\LightingViewing\Debug\link.5600.read.1.tlog
C:\Users\Zaven\My Dropbox\School\2010 Fall\605-467 Computer Graphics\LabStudent5\LightingViewing\Debug\link.5600.write.1.tlog
C:\Users\Zaven\My Dropbox\School\2010 Fall\605-467 Computer Graphics\LabStudent5\LightingViewing\Debug\link.5600-cvtres.read.1.tlog
C:\Users\Zaven\My Dropbox\School\2010 Fall\605-467 Computer Graphics\LabStudent5\LightingViewing\Debug\link.5600-cvtres.write.1.tlog
C:\Users\Zaven\My Dropbox\School\2010 Fall\605-467 Computer Graphics\LabStudent5\LightingViewing\Debug\link.5640.read.1.tlog
C:\Users\Zaven\My Dropbox\School\2010 Fall\605-467 Computer Graphics\LabStudent5\LightingViewing\Debug\link.5640.write.1.tlog
C:\Users\Zaven\My Dropbox\School\2010 Fall\605-467 Computer Graphics\LabStudent5\LightingViewing\Debug\link.5640-cvtres.read.1.tlog
C:\Users\Zaven\My Dropbox\School\2010 Fall\605-467 Computer Graphics\LabStudent5\LightingViewing\Debug\link.5640-cvtres.write.1.tlog
C:\Users\Zaven\My Dropbox\School\2010 Fall\605-467 Computer Graphics\LabStudent5\LightingViewing\Debug\link.5704.read.1.tlog
C:\Users\Zaven\My Dropbox\School\2010 Fall\605-467 Computer Graphics\LabStudent5\LightingViewing\Debug\link.5704.write.1.tlog
C:\Users\Zaven\My Dropbox\School\2010 Fall\605-467 Computer Graphics\LabStudent5\LightingViewing\Debug\link.5704-cvtres.read.1.tlog
C:\Users\Zaven\My Dropbox\School\2010 Fall\605-467 Computer Graphics\LabStudent5\LightingViewing\Debug\link.5704-cvtres.write.1.tlog
C:\Users\Zaven\My Dropbox\School\2010 Fall\605-467 Computer Graphics\LabStudent5\LightingViewing\Debug\link.5728.read.1.tlog
C:\Users\Zaven\My Dropbox\School\2010 Fall\605-467 Computer Graphics\LabStudent5\LightingViewing\Debug\link.5728.write.1.tlog
C:\Users\Zaven\My Dropbox\School\2010 Fall\605-467 Computer Graphics\LabStudent5\LightingViewing\Debug\link.5728-cvtres.read.1.tlog
C:\Users\Zaven\My Dropbox\School\2010 Fall\605-467 Computer Graphics\LabStudent5\LightingViewing\Debug\link.5728-cvtres.write.1.tlog
C:\Users\Zaven\My Dropbox\School\2010 Fall\605-467 Computer Graphics\LabStudent5\LightingViewing\Debug\link.5760.read.1.tlog
C:\Users\Zaven\My Dropbox\School\2010 Fall\605-467 Computer Graphics\LabStudent5\LightingViewing\Debug\link.5760.write.1.tlog
C:\Users\Zaven\My Dropbox\School\2010 Fall\605-467 Computer Graphics\LabStudent5\LightingViewing\Debug\link.5760-cvtres.read.1.tlog
C:\Users\Zaven\My Dropbox\School\2010 Fall\605-467 Computer Graphics\LabStudent5\LightingViewing\Debug\link.5760-cvtres.write.1.tlog
C:\Users\Zaven\My Dropbox\School\2010 Fall\605-467 Computer Graphics\LabStudent5\LightingViewing\Debug\link.584.read.1.tlog
C:\Users\Zaven\My Dropbox\School\2010 Fall\605-467 Computer Graphics\LabStudent5\LightingViewing\Debug\link.584.write.1.tlog
C:\Users\Zaven\My Dropbox\School\2010 Fall\605-467 Computer Graphics\LabStudent5\LightingViewing\Debug\link.584-cvtres.read.1.tlog
C:\Users\Zaven\My Dropbox\School\2010 Fall\605-467 Computer Graphics\LabStudent5\LightingViewing\Debug\link.584-cvtres.write.1.tlog
C:\Users\Zaven\My Dropbox\School\2010 Fall\605-467 Computer Graphics\LabStudent5\LightingViewing\Debug\link.5864.read.1.tlog
C:\Users\Zaven\My Dropbox\School\2010 Fall\605-467 Computer Graphics\LabStudent5\LightingViewing\Debug\link.5864.write.1.tlog
C:\Users\Zaven\My Dropbox\School\2010 Fall\605-467 Computer Graphics\LabStudent5\LightingViewing\Debug\link.5864-cvtres.read.1.tlog
C:\Users\Zaven\My Dropbox\School\2010 Fall\605-467 Computer Graphics\LabStudent5\LightingViewing\Debug\link.5864-cvtres.write.1.tlog
C:\Users\Zaven\My Dropbox\School\2010 Fall\605-467 Computer Graphics\LabStudent5\LightingViewing\Debug\link.5936.read.1.tlog
C:\Users\Zaven\My Dropbox\School\2010 Fall\605-467 Computer Graphics\LabStudent5\LightingViewing\Debug\link.5936.write.1.tlog
C:\Users\Zaven\My Dropbox\School\2010 Fall\605-467 Computer Graphics\LabStudent5\LightingViewing\Debug\link.5936-cvtres.read.1.tlog
C:\Users\Zaven\My Dropbox\School\2010 Fall\605-467 Computer Graphics\LabStudent5\LightingViewing\Debug\link.5936-cvtres.write.1.tlog
C:\Users\Zaven\My Dropbox\School\2010 Fall\605-467 Computer Graphics\LabStudent5\LightingViewing\Debug\link.5964.read.1.tlog
C:\Users\Zaven\My Dropbox\School\2010 Fall\605-467 Computer Graphics\LabStudent5\LightingViewing\Debug\link.5964.write.1.tlog
C:\Users\Zaven\My Dropbox\School\2010 Fall\605-467 Computer Graphics\LabStudent5\LightingViewing\Debug\link.5964-cvtres.read.1.tlog
C:\Users\Zaven\My Dropbox\School\2010 Fall\605-467 Computer Graphics\LabStudent5\LightingViewing\Debug\link.5964-cvtres.write.1.tlog
C:\Users\Zaven\My Dropbox\School\2010 Fall\605-467 Computer Graphics\LabStudent5\LightingViewing\Debug\link.5984.read.1.tlog
C:\Users\Zaven\My Dropbox\School\2010 Fall\605-467 Computer Graphics\LabStudent5\LightingViewing\Debug\link.5984.write.1.tlog
C:\Users\Zaven\My Dropbox\School\2010 Fall\605-467 Computer Graphics\LabStudent5\LightingViewing\Debug\link.5984-cvtres.read.1.tlog
C:\Users\Zaven\My Dropbox\School\2010 Fall\605-467 Computer Graphics\LabStudent5\LightingViewing\Debug\link.5984-cvtres.write.1.tlog
C:\Users\Zaven\My Dropbox\School\2010 Fall\605-467 Computer Graphics\LabStudent5\LightingViewing\Debug\link.760.read.1.tlog
C:\Users\Zaven\My Dropbox\School\2010 Fall\605-467 Computer Graphics\LabStudent5\LightingViewing\Debug\link.760.write.1.tlog
C:\Users\Zaven\My Dropbox\School\2010 Fall\605-467 Computer Graphics\LabStudent5\LightingViewing\Debug\link.760-cvtres.read.1.tlog
C:\Users\Zaven\My Dropbox\School\2010 Fall\605-467 Computer Graphics\LabStudent5\LightingViewing\Debug\link.760-cvtres.write.1.tlog
C:\Users\Zaven\My Dropbox\School\2010 Fall\605-467 Computer Graphics\LabStudent5\LightingViewing\Debug\link.780.read.1.tlog
C:\Users\Zaven\My Dropbox\School\2010 Fall\605-467 Computer Graphics\LabStudent5\LightingViewing\Debug\link.780.write.1.tlog
C:\Users\Zaven\My Dropbox\School\2010 Fall\605-467 Computer Graphics\LabStudent5\LightingViewing\Debug\link.780-cvtres.read.1.tlog
C:\Users\Zaven\My Dropbox\School\2010 Fall\605-467 Computer Graphics\LabStudent5\LightingViewing\Debug\link.780-cvtres.write.1.tlog
C:\Users\Zaven\My Dropbox\School\2010 Fall\605-467 Computer Graphics\LabStudent5\LightingViewing\Debug\link.888.read.1.tlog
C:\Users\Zaven\My Dropbox\School\2010 Fall\605-467 Computer Graphics\LabStudent5\LightingViewing\Debug\link.888.write.1.tlog
C:\Users\Zaven\My Dropbox\School\2010 Fall\605-467 Computer Graphics\LabStudent5\LightingViewing\Debug\link.888-cvtres.read.1.tlog
C:\Users\Zaven\My Dropbox\School\2010 Fall\605-467 Computer Graphics\LabStudent5\LightingViewing\Debug\link.888-cvtres.write.1.tlog
C:\Users\Zaven\My Dropbox\School\2010 Fall\605-467 Computer Graphics\LabStudent5\LightingViewing\Debug\link.command.1.tlog
C:\Users\Zaven\My Dropbox\School\2010 Fall\605-467 Computer Graphics\LabStudent5\LightingViewing\Debug\link.read.1.tlog
C:\Users\Zaven\My Dropbox\School\2010 Fall\605-467 Computer Graphics\LabStudent5\LightingViewing\Debug\link.write.1.tlog
C:\Users\Zaven\My Dropbox\School\2010 Fall\605-467 Computer Graphics\LabStudent5\LightingViewing\Debug\link-cvtres.read.1.tlog
C:\Users\Zaven\My Dropbox\School\2010 Fall\605-467 Computer Graphics\LabStudent5\LightingViewing\Debug\link-cvtres.write.1.tlog
C:\Users\Zaven\My Dropbox\School\2010 Fall\605-467 Computer Graphics\LabStudent5\LightingViewing\Debug\mt.command.1.tlog
C:\Users\Zaven\My Dropbox\School\2010 Fall\605-467 Computer Graphics\LabStudent5\LightingViewing\Debug\mt.read.1.tlog
C:\Users\Zaven\My Dropbox\School\2010 Fall\605-467 Computer Graphics\LabStudent5\LightingViewing\Debug\mt.write.1.tlog
C:\Users\Zaven\My Dropbox\School\2010 Fall\605-467 Computer Graphics\LabStudent5\LightingViewing\Debug\rc.command.1.tlog
C:\Users\Zaven\My Dropbox\School\2010 Fall\605-467 Computer Graphics\LabStudent5\LightingViewing\Debug\rc.read.1.tlog
C:\Users\Zaven\My Dropbox\School\2010 Fall\605-467 Computer Graphics\LabStudent5\LightingViewing\Debug\rc.write.1.tlog
C:\USERS\ZAVEN\MY DROPBOX\SCHOOL\2010 FALL\605-467 COMPUTER GRAPHICS\LABSTUDENT5\LIGHTINGVIEWING\DEBUG\TRANSFORMSVIEWING.PDB
C:\Users\Zaven\My Dropbox\School\2010 Fall\605-467 Computer Graphics\LabStudent5\LightingViewing\Debug\vc100.idb
C:\USERS\ZAVEN\MY DROPBOX\SCHOOL\2010 FALL\605-467 COMPUTER GRAPHICS\LABSTUDENT5\LIGHTINGVIEWING\DEBUG\VC100.PDB
Debug\LightingViewing.ilk
