Build started 11/7/2010 10:32:41 AM.
     1>Project "C:\Users\Zaven\My Dropbox\School\2010 Fall\605-467 Computer Graphics\LabStudent6\LightingViewing\LightingViewing.vcxproj" on node 2 (build target(s)).
     1>InitializeBuildStatus:
         Creating "Debug\LightingViewing.unsuccessfulbuild" because "AlwaysCreate" was specified.
       ClCompile:
         C:\Program Files (x86)\Microsoft Visual Studio 10.0\VC\bin\CL.exe /c /I../include/ /I../ /ZI /nologo /W3 /WX- /Od /Oy- /D WIN32 /D _DEBUG /D _WINDOWS /D _VC80_UPGRADE=0x0710 /D _MBCS /Gm /EHsc /RTC1 /MTd /GS /fp:precise /Zc:wchar_t /Zc:forScope /Fo"Debug\\" /Fd"Debug\vc100.pdb" /Gd /TP /analyze- /errorReport:prompt LightingViewing.cpp
         LightingViewing.cpp
     1>c:\users\zaven\my dropbox\school\2010 fall\605-467 computer graphics\labstudent6\lightingviewing\lightingviewing.cpp(49): warning C4996: 'fopen': This function or variable may be unsafe. Consider using fopen_s instead. To disable deprecation, use _CRT_SECURE_NO_WARNINGS. See online help for details.
                 c:\program files (x86)\microsoft visual studio 10.0\vc\include\stdio.h(234) : see declaration of 'fopen'
       ManifestResourceCompile:
         C:\Program Files (x86)\Microsoft SDKs\Windows\v7.0A\bin\rc.exe /nologo /fo"Debug\LightingViewing.exe.embed.manifest.res" Debug\LightingViewing_manifest.rc 
       Link:
         C:\Program Files (x86)\Microsoft Visual Studio 10.0\VC\bin\link.exe /ERRORREPORT:PROMPT /OUT:"Debug\LightingViewing.exe" /INCREMENTAL /NOLOGO /LIBPATH:../lib glew32.lib kernel32.lib user32.lib gdi32.lib winspool.lib comdlg32.lib advapi32.lib shell32.lib ole32.lib oleaut32.lib uuid.lib odbc32.lib odbccp32.lib /MANIFEST /ManifestFile:"Debug\LightingViewing.exe.intermediate.manifest" /MANIFESTUAC:"level='asInvoker' uiAccess='false'" /DEBUG /PDB:"Debug\TransformsViewing.pdb" /SUBSYSTEM:CONSOLE /TLBID:1 /DYNAMICBASE:NO /IMPLIB:"Debug\LightingViewing.lib" /MACHINE:X86 Debug\LightingViewing.exe.embed.manifest.res
         Debug\LightingViewing.obj
       Manifest:
         C:\Program Files (x86)\Microsoft SDKs\Windows\v7.0A\bin\mt.exe /nologo /verbose /out:"Debug\LightingViewing.exe.embed.manifest" /manifest Debug\LightingViewing.exe.intermediate.manifest
         C:\Program Files (x86)\Microsoft SDKs\Windows\v7.0A\bin\rc.exe /nologo /fo"Debug\LightingViewing.exe.embed.manifest.res" Debug\LightingViewing_manifest.rc 
       LinkEmbedManifest:
         C:\Program Files (x86)\Microsoft Visual Studio 10.0\VC\bin\link.exe /ERRORREPORT:PROMPT /OUT:"Debug\LightingViewing.exe" /INCREMENTAL /NOLOGO /LIBPATH:../lib glew32.lib kernel32.lib user32.lib gdi32.lib winspool.lib comdlg32.lib advapi32.lib shell32.lib ole32.lib oleaut32.lib uuid.lib odbc32.lib odbccp32.lib /MANIFEST /ManifestFile:"Debug\LightingViewing.exe.intermediate.manifest" /MANIFESTUAC:"level='asInvoker' uiAccess='false'" /DEBUG /PDB:"Debug\TransformsViewing.pdb" /SUBSYSTEM:CONSOLE /TLBID:1 /DYNAMICBASE:NO /IMPLIB:"Debug\LightingViewing.lib" /MACHINE:X86 Debug\LightingViewing.exe.embed.manifest.res
         Debug\LightingViewing.obj
         LightingViewing.vcxproj -> C:\Users\Zaven\My Dropbox\School\2010 Fall\605-467 Computer Graphics\LabStudent6\LightingViewing\Debug\LightingViewing.exe
       FinalizeBuildStatus:
         Deleting file "Debug\LightingViewing.unsuccessfulbuild".
         Touching "Debug\LightingViewing.lastbuildstate".
     1>Done Building Project "C:\Users\Zaven\My Dropbox\School\2010 Fall\605-467 Computer Graphics\LabStudent6\LightingViewing\LightingViewing.vcxproj" (build target(s)).

Build succeeded.

Time Elapsed 00:00:02.68
