Build started 10/24/2010 7:41:53 PM.
     1>Project "C:\Users\Zaven\My Dropbox\School\2010 Fall\605-467 Computer Graphics\LabStudent5\PhongShading\PhongShading.vcxproj" on node 3 (build target(s)).
     1>InitializeBuildStatus:
         Creating "Release\PhongShading.unsuccessfulbuild" because "AlwaysCreate" was specified.
       ClCompile:
         C:\Program Files (x86)\Microsoft Visual Studio 10.0\VC\bin\CL.exe /c /I../include/ /I../ /Zi /nologo /W3 /WX- /O2 /Ob1 /Oy /D WIN32 /D NDEBUG /D _WINDOWS /D _VC80_UPGRADE=0x0710 /D _MBCS /GF /Gm- /EHsc /MT /GS /Gy /fp:precise /Zc:wchar_t /Zc:forScope /Fo"Release\\" /Fd"Release\vc100.pdb" /Gd /TP /analyze- /errorReport:prompt PhongShading.cpp
         PhongShading.cpp
     1>PhongShading.cpp(28): warning C4996: 'fopen': This function or variable may be unsafe. Consider using fopen_s instead. To disable deprecation, use _CRT_SECURE_NO_WARNINGS. See online help for details.
                 C:\Program Files (x86)\Microsoft Visual Studio 10.0\VC\include\stdio.h(234) : see declaration of 'fopen'
       Link:
         C:\Program Files (x86)\Microsoft Visual Studio 10.0\VC\bin\link.exe /ERRORREPORT:PROMPT /OUT:"Release\PhongShading.exe" /INCREMENTAL:NO /NOLOGO /LIBPATH:../lib kernel32.lib user32.lib gdi32.lib winspool.lib comdlg32.lib advapi32.lib shell32.lib ole32.lib oleaut32.lib uuid.lib odbc32.lib odbccp32.lib /MANIFEST /ManifestFile:"Release\PhongShading.exe.intermediate.manifest" /MANIFESTUAC:"level='asInvoker' uiAccess='false'" /DEBUG /PDB:"C:\Users\Zaven\My Dropbox\School\2010 Fall\605-467 Computer Graphics\LabStudent5\PhongShading\Release\PhongShading.pdb" /SUBSYSTEM:CONSOLE /OPT:REF /OPT:ICF /TLBID:1 /DYNAMICBASE:NO /IMPLIB:"Release\PhongShading.lib" /MACHINE:X86 Release\PhongShading.obj
         PhongShading.vcxproj -> C:\Users\Zaven\My Dropbox\School\2010 Fall\605-467 Computer Graphics\LabStudent5\PhongShading\Release\PhongShading.exe
       Manifest:
         C:\Program Files (x86)\Microsoft SDKs\Windows\v7.0A\bin\mt.exe /nologo /verbose /outputresource:"Release\PhongShading.exe;#1" /manifest Release\PhongShading.exe.intermediate.manifest
       FinalizeBuildStatus:
         Deleting file "Release\PhongShading.unsuccessfulbuild".
         Touching "Release\PhongShading.lastbuildstate".
     1>Done Building Project "C:\Users\Zaven\My Dropbox\School\2010 Fall\605-467 Computer Graphics\LabStudent5\PhongShading\PhongShading.vcxproj" (build target(s)).

Build succeeded.

Time Elapsed 00:00:01.71
