C:\USERS\ZAVEN\MY DROPBOX\SCHOOL\2010 FALL\605-467 COMPUTER GRAPHICS\LABSTUDENT5\ANIMATION3D\DEBUG\ANIMATION3D.EXE
C:\USERS\ZAVEN\MY DROPBOX\SCHOOL\2010 FALL\605-467 COMPUTER GRAPHICS\LABSTUDENT5\ANIMATION3D\DEBUG\ANIMATION3D.EXE.EMBED.MANIFEST
C:\USERS\ZAVEN\MY DROPBOX\SCHOOL\2010 FALL\605-467 COMPUTER GRAPHICS\LABSTUDENT5\ANIMATION3D\DEBUG\ANIMATION3D.EXE.EMBED.MANIFEST.RES
C:\USERS\ZAVEN\MY DROPBOX\SCHOOL\2010 FALL\605-467 COMPUTER GRAPHICS\LABSTUDENT5\ANIMATION3D\DEBUG\ANIMATION3D.EXE.INTERMEDIATE.MANIFEST
C:\USERS\ZAVEN\MY DROPBOX\SCHOOL\2010 FALL\605-467 COMPUTER GRAPHICS\LABSTUDENT5\ANIMATION3D\DEBUG\ANIMATION3D.ILK
C:\USERS\ZAVEN\MY DROPBOX\SCHOOL\2010 FALL\605-467 COMPUTER GRAPHICS\LABSTUDENT5\ANIMATION3D\DEBUG\ANIMATION3D.OBJ
C:\Users\Zaven\My Dropbox\School\2010 Fall\605-467 Computer Graphics\LabStudent5\Animation3D\Debug\Animation3D_manifest.rc
C:\Users\Zaven\My Dropbox\School\2010 Fall\605-467 Computer Graphics\LabStudent5\Animation3D\Debug\cl.command.1.tlog
C:\Users\Zaven\My Dropbox\School\2010 Fall\605-467 Computer Graphics\LabStudent5\Animation3D\Debug\CL.read.1.tlog
C:\Users\Zaven\My Dropbox\School\2010 Fall\605-467 Computer Graphics\LabStudent5\Animation3D\Debug\CL.write.1.tlog
C:\Users\Zaven\My Dropbox\School\2010 Fall\605-467 Computer Graphics\LabStudent5\Animation3D\Debug\link.6136.read.1.tlog
C:\Users\Zaven\My Dropbox\School\2010 Fall\605-467 Computer Graphics\LabStudent5\Animation3D\Debug\link.6136.write.1.tlog
C:\Users\Zaven\My Dropbox\School\2010 Fall\605-467 Computer Graphics\LabStudent5\Animation3D\Debug\link.6136-cvtres.read.1.tlog
C:\Users\Zaven\My Dropbox\School\2010 Fall\605-467 Computer Graphics\LabStudent5\Animation3D\Debug\link.6136-cvtres.write.1.tlog
C:\Users\Zaven\My Dropbox\School\2010 Fall\605-467 Computer Graphics\LabStudent5\Animation3D\Debug\link.command.1.tlog
C:\Users\Zaven\My Dropbox\School\2010 Fall\605-467 Computer Graphics\LabStudent5\Animation3D\Debug\link.read.1.tlog
C:\Users\Zaven\My Dropbox\School\2010 Fall\605-467 Computer Graphics\LabStudent5\Animation3D\Debug\link.write.1.tlog
C:\Users\Zaven\My Dropbox\School\2010 Fall\605-467 Computer Graphics\LabStudent5\Animation3D\Debug\link-cvtres.read.1.tlog
C:\Users\Zaven\My Dropbox\School\2010 Fall\605-467 Computer Graphics\LabStudent5\Animation3D\Debug\link-cvtres.write.1.tlog
C:\Users\Zaven\My Dropbox\School\2010 Fall\605-467 Computer Graphics\LabStudent5\Animation3D\Debug\mt.command.1.tlog
C:\Users\Zaven\My Dropbox\School\2010 Fall\605-467 Computer Graphics\LabStudent5\Animation3D\Debug\mt.read.1.tlog
C:\Users\Zaven\My Dropbox\School\2010 Fall\605-467 Computer Graphics\LabStudent5\Animation3D\Debug\mt.write.1.tlog
C:\Users\Zaven\My Dropbox\School\2010 Fall\605-467 Computer Graphics\LabStudent5\Animation3D\Debug\rc.command.1.tlog
C:\Users\Zaven\My Dropbox\School\2010 Fall\605-467 Computer Graphics\LabStudent5\Animation3D\Debug\rc.read.1.tlog
C:\Users\Zaven\My Dropbox\School\2010 Fall\605-467 Computer Graphics\LabStudent5\Animation3D\Debug\rc.write.1.tlog
C:\USERS\ZAVEN\MY DROPBOX\SCHOOL\2010 FALL\605-467 COMPUTER GRAPHICS\LABSTUDENT5\ANIMATION3D\DEBUG\TRANSFORMSVIEWING.PDB
C:\Users\Zaven\My Dropbox\School\2010 Fall\605-467 Computer Graphics\LabStudent5\Animation3D\Debug\vc100.idb
C:\USERS\ZAVEN\MY DROPBOX\SCHOOL\2010 FALL\605-467 COMPUTER GRAPHICS\LABSTUDENT5\ANIMATION3D\DEBUG\VC100.PDB
Debug\Animation3D.ilk
