C:\Users\Zaven\My Dropbox\School\2010 Fall\605-467 Computer Graphics\LabStudent5\DrawLines\Debug\cl.command.1.tlog
C:\Users\Zaven\My Dropbox\School\2010 Fall\605-467 Computer Graphics\LabStudent5\DrawLines\Debug\CL.read.1.tlog
C:\Users\Zaven\My Dropbox\School\2010 Fall\605-467 Computer Graphics\LabStudent5\DrawLines\Debug\CL.write.1.tlog
C:\USERS\ZAVEN\MY DROPBOX\SCHOOL\2010 FALL\605-467 COMPUTER GRAPHICS\LABSTUDENT5\DRAWLINES\DEBUG\DRAWLINES.EXE
C:\USERS\ZAVEN\MY DROPBOX\SCHOOL\2010 FALL\605-467 COMPUTER GRAPHICS\LABSTUDENT5\DRAWLINES\DEBUG\DRAWLINES.EXE.EMBED.MANIFEST
C:\USERS\ZAVEN\MY DROPBOX\SCHOOL\2010 FALL\605-467 COMPUTER GRAPHICS\LABSTUDENT5\DRAWLINES\DEBUG\DRAWLINES.EXE.EMBED.MANIFEST.RES
C:\USERS\ZAVEN\MY DROPBOX\SCHOOL\2010 FALL\605-467 COMPUTER GRAPHICS\LABSTUDENT5\DRAWLINES\DEBUG\DRAWLINES.EXE.INTERMEDIATE.MANIFEST
C:\USERS\ZAVEN\MY DROPBOX\SCHOOL\2010 FALL\605-467 COMPUTER GRAPHICS\LABSTUDENT5\DRAWLINES\DEBUG\DRAWLINES.ILK
C:\USERS\ZAVEN\MY DROPBOX\SCHOOL\2010 FALL\605-467 COMPUTER GRAPHICS\LABSTUDENT5\DRAWLINES\DEBUG\DRAWLINES.OBJ
C:\USERS\ZAVEN\MY DROPBOX\SCHOOL\2010 FALL\605-467 COMPUTER GRAPHICS\LABSTUDENT5\DRAWLINES\DEBUG\DRAWLINES.PDB
C:\Users\Zaven\My Dropbox\School\2010 Fall\605-467 Computer Graphics\LabStudent5\DrawLines\Debug\DrawLines_manifest.rc
C:\Users\Zaven\My Dropbox\School\2010 Fall\605-467 Computer Graphics\LabStudent5\DrawLines\Debug\link.4352.read.1.tlog
C:\Users\Zaven\My Dropbox\School\2010 Fall\605-467 Computer Graphics\LabStudent5\DrawLines\Debug\link.4352.write.1.tlog
C:\Users\Zaven\My Dropbox\School\2010 Fall\605-467 Computer Graphics\LabStudent5\DrawLines\Debug\link.4352-cvtres.read.1.tlog
C:\Users\Zaven\My Dropbox\School\2010 Fall\605-467 Computer Graphics\LabStudent5\DrawLines\Debug\link.4352-cvtres.write.1.tlog
C:\Users\Zaven\My Dropbox\School\2010 Fall\605-467 Computer Graphics\LabStudent5\DrawLines\Debug\link.command.1.tlog
C:\Users\Zaven\My Dropbox\School\2010 Fall\605-467 Computer Graphics\LabStudent5\DrawLines\Debug\link.read.1.tlog
C:\Users\Zaven\My Dropbox\School\2010 Fall\605-467 Computer Graphics\LabStudent5\DrawLines\Debug\link.write.1.tlog
C:\Users\Zaven\My Dropbox\School\2010 Fall\605-467 Computer Graphics\LabStudent5\DrawLines\Debug\link-cvtres.read.1.tlog
C:\Users\Zaven\My Dropbox\School\2010 Fall\605-467 Computer Graphics\LabStudent5\DrawLines\Debug\link-cvtres.write.1.tlog
C:\Users\Zaven\My Dropbox\School\2010 Fall\605-467 Computer Graphics\LabStudent5\DrawLines\Debug\mt.command.1.tlog
C:\Users\Zaven\My Dropbox\School\2010 Fall\605-467 Computer Graphics\LabStudent5\DrawLines\Debug\mt.read.1.tlog
C:\Users\Zaven\My Dropbox\School\2010 Fall\605-467 Computer Graphics\LabStudent5\DrawLines\Debug\mt.write.1.tlog
C:\Users\Zaven\My Dropbox\School\2010 Fall\605-467 Computer Graphics\LabStudent5\DrawLines\Debug\rc.command.1.tlog
C:\Users\Zaven\My Dropbox\School\2010 Fall\605-467 Computer Graphics\LabStudent5\DrawLines\Debug\rc.read.1.tlog
C:\Users\Zaven\My Dropbox\School\2010 Fall\605-467 Computer Graphics\LabStudent5\DrawLines\Debug\rc.write.1.tlog
C:\Users\Zaven\My Dropbox\School\2010 Fall\605-467 Computer Graphics\LabStudent5\DrawLines\Debug\vc100.idb
C:\USERS\ZAVEN\MY DROPBOX\SCHOOL\2010 FALL\605-467 COMPUTER GRAPHICS\LABSTUDENT5\DRAWLINES\DEBUG\VC100.PDB
Debug\DrawLines.ilk
Debug\DrawLines.pdb
