Build started 10/30/2010 10:13:28 AM.
     1>Project "C:\Users\Zaven\My Dropbox\School\2010 Fall\605-467 Computer Graphics\LabStudent5\DrawLines\DrawLines.vcxproj" on node 2 (build target(s)).
     1>InitializeBuildStatus:
         Creating "Debug\DrawLines.unsuccessfulbuild" because "AlwaysCreate" was specified.
       ClCompile:
         C:\Program Files (x86)\Microsoft Visual Studio 10.0\VC\bin\CL.exe /c /I../include /I.. /ZI /nologo /W3 /WX- /Od /Oy- /D WIN32 /D _DEBUG /D _WINDOWS /D _MBCS /Gm /EHsc /RTC1 /MTd /GS /fp:precise /Zc:wchar_t /Zc:forScope /Fo"Debug\\" /Fd"Debug\vc100.pdb" /Gd /TP /analyze- /errorReport:prompt DrawLines.cpp
         DrawLines.cpp
       ManifestResourceCompile:
         C:\Program Files (x86)\Microsoft SDKs\Windows\v7.0A\bin\rc.exe /nologo /fo"Debug\DrawLines.exe.embed.manifest.res" Debug\DrawLines_manifest.rc 
       Link:
         C:\Program Files (x86)\Microsoft Visual Studio 10.0\VC\bin\link.exe /ERRORREPORT:PROMPT /OUT:"Debug\DrawLines.exe" /INCREMENTAL /NOLOGO /LIBPATH:../lib kernel32.lib user32.lib gdi32.lib winspool.lib comdlg32.lib advapi32.lib shell32.lib ole32.lib oleaut32.lib uuid.lib odbc32.lib odbccp32.lib /MANIFEST /ManifestFile:"Debug\DrawLines.exe.intermediate.manifest" /MANIFESTUAC:"level='asInvoker' uiAccess='false'" /DEBUG /PDB:"Debug\DrawLines.pdb" /SUBSYSTEM:CONSOLE /TLBID:1 /DYNAMICBASE /NXCOMPAT /IMPLIB:"Debug\DrawLines.lib" /MACHINE:X86 Debug\DrawLines.exe.embed.manifest.res
         Debug\DrawLines.obj
       Manifest:
         C:\Program Files (x86)\Microsoft SDKs\Windows\v7.0A\bin\mt.exe /nologo /verbose /out:"Debug\DrawLines.exe.embed.manifest" /manifest Debug\DrawLines.exe.intermediate.manifest
         C:\Program Files (x86)\Microsoft SDKs\Windows\v7.0A\bin\rc.exe /nologo /fo"Debug\DrawLines.exe.embed.manifest.res" Debug\DrawLines_manifest.rc 
       LinkEmbedManifest:
         C:\Program Files (x86)\Microsoft Visual Studio 10.0\VC\bin\link.exe /ERRORREPORT:PROMPT /OUT:"Debug\DrawLines.exe" /INCREMENTAL /NOLOGO /LIBPATH:../lib kernel32.lib user32.lib gdi32.lib winspool.lib comdlg32.lib advapi32.lib shell32.lib ole32.lib oleaut32.lib uuid.lib odbc32.lib odbccp32.lib /MANIFEST /ManifestFile:"Debug\DrawLines.exe.intermediate.manifest" /MANIFESTUAC:"level='asInvoker' uiAccess='false'" /DEBUG /PDB:"Debug\DrawLines.pdb" /SUBSYSTEM:CONSOLE /TLBID:1 /DYNAMICBASE /NXCOMPAT /IMPLIB:"Debug\DrawLines.lib" /MACHINE:X86 Debug\DrawLines.exe.embed.manifest.res
         Debug\DrawLines.obj
         DrawLines.vcxproj -> C:\Users\Zaven\My Dropbox\School\2010 Fall\605-467 Computer Graphics\LabStudent5\DrawLines\Debug\DrawLines.exe
       FinalizeBuildStatus:
         Deleting file "Debug\DrawLines.unsuccessfulbuild".
         Touching "Debug\DrawLines.lastbuildstate".
     1>Done Building Project "C:\Users\Zaven\My Dropbox\School\2010 Fall\605-467 Computer Graphics\LabStudent5\DrawLines\DrawLines.vcxproj" (build target(s)).

Build succeeded.

Time Elapsed 00:00:03.78
